2020-04-27 09:18:13.544  INFO [main]  c.a.dubbo.common.logger.LoggerFactory    : using logger: com.alibaba.dubbo.common.logger.slf4j.Slf4jLoggerAdapter
2020-04-27 09:18:13.555  INFO [main]  a.b.d.c.e.WelcomeLogoApplicationListener : 

 :: Dubbo Spring Boot (v0.2.0) : https://github.com/apache/incubator-dubbo-spring-boot-project
 :: Dubbo (v2.6.6) : https://github.com/apache/incubator-dubbo
 :: Google group : dev@dubbo.incubator.apache.org

2020-04-27 09:18:13.558  INFO [main]  e.OverrideDubboConfigApplicationListener : Dubbo Config was overridden by externalized configuration {dubbo.application.id=${spring.application.name}, dubbo.application.name=${spring.application.name}, dubbo.consumer.check=false, dubbo.consumer.retries=0, dubbo.consumer.timeout=60000, dubbo.protocol.id=dubbo, dubbo.protocol.name=dubbo, dubbo.protocol.port=21811, dubbo.protocol.status=server, dubbo.protocol.threads=1000, dubbo.provider.retries=0, dubbo.provider.timeout=60000, dubbo.registry.address=zookeeper://127.0.0.1:2181, dubbo.scan.basePackages=com.nc.mrbs.rpc.service.impl}
2020-04-27 09:18:13.625  INFO [main]  c.nc.mrbs.rpc.MrbsRpcServiceApplication  : Starting MrbsRpcServiceApplication on MICRO-002251042 with PID 2760 (D:\tq\nc-sw\nc-sw-rpc-service\target\classes started by Administrator in D:\tq\nc-sw)
2020-04-27 09:18:13.625  INFO [main]  c.nc.mrbs.rpc.MrbsRpcServiceApplication  : The following profiles are active: dev
2020-04-27 09:18:14.193  INFO [main]  .s.d.r.c.RepositoryConfigurationDelegate : Multiple Spring Data modules found, entering strict repository configuration mode!
2020-04-27 09:18:14.195  INFO [main]  .s.d.r.c.RepositoryConfigurationDelegate : Bootstrapping Spring Data repositories in DEFAULT mode.
2020-04-27 09:18:14.221  INFO [main]  .s.d.r.c.RepositoryConfigurationDelegate : Finished Spring Data repository scanning in 14ms. Found 0 repository interfaces.
2020-04-27 09:18:14.288  INFO [main]  .a.d.c.s.c.a.DubboConfigBindingRegistrar : The dubbo config bean definition [name : nc-mrbs-rpc-service, class : com.alibaba.dubbo.config.ApplicationConfig] has been registered.
2020-04-27 09:18:14.289  INFO [main]  .a.d.c.s.c.a.DubboConfigBindingRegistrar : The BeanPostProcessor bean definition [com.alibaba.dubbo.config.spring.beans.factory.annotation.DubboConfigBindingBeanPostProcessor] for dubbo config bean [name : nc-mrbs-rpc-service] has been registered.
2020-04-27 09:18:14.290  INFO [main]  .a.d.c.s.c.a.DubboConfigBindingRegistrar : The dubbo config bean definition [name : com.alibaba.dubbo.config.RegistryConfig#0, class : com.alibaba.dubbo.config.RegistryConfig] has been registered.
2020-04-27 09:18:14.290  INFO [main]  .a.d.c.s.c.a.DubboConfigBindingRegistrar : The BeanPostProcessor bean definition [com.alibaba.dubbo.config.spring.beans.factory.annotation.DubboConfigBindingBeanPostProcessor] for dubbo config bean [name : com.alibaba.dubbo.config.RegistryConfig#0] has been registered.
2020-04-27 09:18:14.290  INFO [main]  .a.d.c.s.c.a.DubboConfigBindingRegistrar : The dubbo config bean definition [name : dubbo, class : com.alibaba.dubbo.config.ProtocolConfig] has been registered.
2020-04-27 09:18:14.290  INFO [main]  .a.d.c.s.c.a.DubboConfigBindingRegistrar : The BeanPostProcessor bean definition [com.alibaba.dubbo.config.spring.beans.factory.annotation.DubboConfigBindingBeanPostProcessor] for dubbo config bean [name : dubbo] has been registered.
2020-04-27 09:18:14.290  INFO [main]  .a.d.c.s.c.a.DubboConfigBindingRegistrar : The dubbo config bean definition [name : com.alibaba.dubbo.config.ProviderConfig#0, class : com.alibaba.dubbo.config.ProviderConfig] has been registered.
2020-04-27 09:18:14.290  INFO [main]  .a.d.c.s.c.a.DubboConfigBindingRegistrar : The BeanPostProcessor bean definition [com.alibaba.dubbo.config.spring.beans.factory.annotation.DubboConfigBindingBeanPostProcessor] for dubbo config bean [name : com.alibaba.dubbo.config.ProviderConfig#0] has been registered.
2020-04-27 09:18:14.290  INFO [main]  .a.d.c.s.c.a.DubboConfigBindingRegistrar : The dubbo config bean definition [name : com.alibaba.dubbo.config.ConsumerConfig#0, class : com.alibaba.dubbo.config.ConsumerConfig] has been registered.
2020-04-27 09:18:14.291  INFO [main]  .a.d.c.s.c.a.DubboConfigBindingRegistrar : The BeanPostProcessor bean definition [com.alibaba.dubbo.config.spring.beans.factory.annotation.DubboConfigBindingBeanPostProcessor] for dubbo config bean [name : com.alibaba.dubbo.config.ConsumerConfig#0] has been registered.
2020-04-27 09:18:14.303  INFO [main]  b.f.a.ServiceAnnotationBeanPostProcessor :  [DUBBO] BeanNameGenerator bean can't be found in BeanFactory with name [org.springframework.context.annotation.internalConfigurationBeanNameGenerator], dubbo version: 2.6.6, current host: 10.0.100.123
2020-04-27 09:18:14.303  INFO [main]  b.f.a.ServiceAnnotationBeanPostProcessor :  [DUBBO] BeanNameGenerator will be a instance of org.springframework.context.annotation.AnnotationBeanNameGenerator , it maybe a potential problem on bean name generation., dubbo version: 2.6.6, current host: 10.0.100.123
2020-04-27 09:18:14.306  WARN [main]  b.f.a.ServiceAnnotationBeanPostProcessor :  [DUBBO] No Spring Bean annotating Dubbo's @Service was found under package[com.nc.mrbs.rpc.service.impl], dubbo version: 2.6.6, current host: 10.0.100.123
2020-04-27 09:18:14.306  INFO [main]  o.s.c.a.ConfigurationClassPostProcessor  : Cannot enhance @Configuration bean definition 'com.alibaba.boot.dubbo.autoconfigure.DubboAutoConfiguration' since its singleton instance has been created too early. The typical cause is a non-static @Bean method with a BeanDefinitionRegistryPostProcessor return type: Consider declaring such methods as 'static'.
2020-04-27 09:18:14.467  INFO [main]  trationDelegate$BeanPostProcessorChecker : Bean 'org.springframework.transaction.annotation.ProxyTransactionManagementConfiguration' of type [org.springframework.transaction.annotation.ProxyTransactionManagementConfiguration$$EnhancerBySpringCGLIB$$6ccd0337] is not eligible for getting processed by all BeanPostProcessors (for example: not eligible for auto-proxying)
2020-04-27 09:18:14.509  INFO [main]  trationDelegate$BeanPostProcessorChecker : Bean 'relaxedDubboConfigBinder' of type [com.alibaba.boot.dubbo.autoconfigure.RelaxedDubboConfigBinder] is not eligible for getting processed by all BeanPostProcessors (for example: not eligible for auto-proxying)
2020-04-27 09:18:14.513  INFO [main]  trationDelegate$BeanPostProcessorChecker : Bean 'relaxedDubboConfigBinder' of type [com.alibaba.boot.dubbo.autoconfigure.RelaxedDubboConfigBinder] is not eligible for getting processed by all BeanPostProcessors (for example: not eligible for auto-proxying)
2020-04-27 09:18:14.514  INFO [main]  trationDelegate$BeanPostProcessorChecker : Bean 'relaxedDubboConfigBinder' of type [com.alibaba.boot.dubbo.autoconfigure.RelaxedDubboConfigBinder] is not eligible for getting processed by all BeanPostProcessors (for example: not eligible for auto-proxying)
2020-04-27 09:18:14.515  INFO [main]  trationDelegate$BeanPostProcessorChecker : Bean 'relaxedDubboConfigBinder' of type [com.alibaba.boot.dubbo.autoconfigure.RelaxedDubboConfigBinder] is not eligible for getting processed by all BeanPostProcessors (for example: not eligible for auto-proxying)
2020-04-27 09:18:14.516  INFO [main]  trationDelegate$BeanPostProcessorChecker : Bean 'relaxedDubboConfigBinder' of type [com.alibaba.boot.dubbo.autoconfigure.RelaxedDubboConfigBinder] is not eligible for getting processed by all BeanPostProcessors (for example: not eligible for auto-proxying)
2020-04-27 09:18:14.752  INFO [main]  o.s.b.w.embedded.tomcat.TomcatWebServer  : Tomcat initialized with port(s): 3100 (http)
2020-04-27 09:18:14.771  INFO [main]  o.apache.catalina.core.StandardService   : Starting service [Tomcat]
2020-04-27 09:18:14.772  INFO [main]  org.apache.catalina.core.StandardEngine  : Starting Servlet engine: [Apache Tomcat/9.0.22]
2020-04-27 09:18:14.858  INFO [main]  o.a.c.c.C.[Tomcat].[localhost].[/]       : Initializing Spring embedded WebApplicationContext
2020-04-27 09:18:14.858  INFO [main]  o.s.web.context.ContextLoader            : Root WebApplicationContext: initialization completed in 1193 ms
2020-04-27 09:18:15.071  INFO [main]  c.a.d.s.b.a.DruidDataSourceAutoConfigure : Init DruidDataSource
2020-04-27 09:18:15.295  INFO [main]  com.alibaba.druid.pool.DruidDataSource   : {dataSource-1} inited
2020-04-27 09:18:15.853  INFO [main]  o.s.s.concurrent.ThreadPoolTaskExecutor  : Initializing ExecutorService 'applicationTaskExecutor'
2020-04-27 09:18:15.963  WARN [main]  ConfigServletWebServerApplicationContext : Exception encountered during context initialization - cancelling refresh attempt: org.springframework.beans.factory.BeanCreationException: Error creating bean with name 'com.alibaba.druid.spring.boot.autoconfigure.stat.DruidFilterConfiguration': Lookup method resolution failed; nested exception is java.lang.IllegalStateException: Failed to introspect Class [com.alibaba.druid.spring.boot.autoconfigure.stat.DruidFilterConfiguration] from ClassLoader [sun.misc.Launcher$AppClassLoader@18b4aac2]
2020-04-27 09:18:15.963  INFO [main]  o.s.s.concurrent.ThreadPoolTaskExecutor  : Shutting down ExecutorService 'applicationTaskExecutor'
2020-04-27 09:18:15.965  INFO [main]  com.alibaba.druid.pool.DruidDataSource   : {dataSource-1} closed
2020-04-27 09:18:15.965  INFO [main]  f.a.ReferenceAnnotationBeanPostProcessor : class com.alibaba.dubbo.config.spring.beans.factory.annotation.ReferenceAnnotationBeanPostProcessor was destroying!
2020-04-27 09:18:15.967  INFO [main]  o.apache.catalina.core.StandardService   : Stopping service [Tomcat]
2020-04-27 09:18:15.973  INFO [main]  ConditionEvaluationReportLoggingListener : 

Error starting ApplicationContext. To display the conditions report re-run your application with 'debug' enabled.
2020-04-27 09:18:15.982 ERROR [main]  o.s.boot.SpringApplication               : Application run failed
org.springframework.beans.factory.BeanCreationException: Error creating bean with name 'com.alibaba.druid.spring.boot.autoconfigure.stat.DruidFilterConfiguration': Lookup method resolution failed; nested exception is java.lang.IllegalStateException: Failed to introspect Class [com.alibaba.druid.spring.boot.autoconfigure.stat.DruidFilterConfiguration] from ClassLoader [sun.misc.Launcher$AppClassLoader@18b4aac2]
	at org.springframework.beans.factory.annotation.AutowiredAnnotationBeanPostProcessor.determineCandidateConstructors(AutowiredAnnotationBeanPostProcessor.java:265)
	at org.springframework.beans.factory.support.AbstractAutowireCapableBeanFactory.determineConstructorsFromBeanPostProcessors(AbstractAutowireCapableBeanFactory.java:1269)
	at org.springframework.beans.factory.support.AbstractAutowireCapableBeanFactory.createBeanInstance(AbstractAutowireCapableBeanFactory.java:1184)
	at org.springframework.beans.factory.support.AbstractAutowireCapableBeanFactory.doCreateBean(AbstractAutowireCapableBeanFactory.java:555)
	at org.springframework.beans.factory.support.AbstractAutowireCapableBeanFactory.createBean(AbstractAutowireCapableBeanFactory.java:515)
	at org.springframework.beans.factory.support.AbstractBeanFactory.lambda$doGetBean$0(AbstractBeanFactory.java:320)
	at org.springframework.beans.factory.support.DefaultSingletonBeanRegistry.getSingleton(DefaultSingletonBeanRegistry.java:222)
	at org.springframework.beans.factory.support.AbstractBeanFactory.doGetBean(AbstractBeanFactory.java:318)
	at org.springframework.beans.factory.support.AbstractBeanFactory.getBean(AbstractBeanFactory.java:199)
	at org.springframework.beans.factory.support.DefaultListableBeanFactory.preInstantiateSingletons(DefaultListableBeanFactory.java:845)
	at org.springframework.context.support.AbstractApplicationContext.finishBeanFactoryInitialization(AbstractApplicationContext.java:877)
	at org.springframework.context.support.AbstractApplicationContext.refresh(AbstractApplicationContext.java:549)
	at org.springframework.boot.web.servlet.context.ServletWebServerApplicationContext.refresh(ServletWebServerApplicationContext.java:141)
	at org.springframework.boot.SpringApplication.refresh(SpringApplication.java:743)
	at org.springframework.boot.SpringApplication.refreshContext(SpringApplication.java:390)
	at org.springframework.boot.SpringApplication.run(SpringApplication.java:312)
	at org.springframework.boot.SpringApplication.run(SpringApplication.java:1214)
	at org.springframework.boot.SpringApplication.run(SpringApplication.java:1203)
	at com.nc.mrbs.rpc.MrbsRpcServiceApplication.main(MrbsRpcServiceApplication.java:17)
Caused by: java.lang.IllegalStateException: Failed to introspect Class [com.alibaba.druid.spring.boot.autoconfigure.stat.DruidFilterConfiguration] from ClassLoader [sun.misc.Launcher$AppClassLoader@18b4aac2]
	at org.springframework.util.ReflectionUtils.getDeclaredMethods(ReflectionUtils.java:507)
	at org.springframework.util.ReflectionUtils.doWithMethods(ReflectionUtils.java:404)
	at org.springframework.util.ReflectionUtils.doWithMethods(ReflectionUtils.java:389)
	at org.springframework.beans.factory.annotation.AutowiredAnnotationBeanPostProcessor.determineCandidateConstructors(AutowiredAnnotationBeanPostProcessor.java:248)
	... 18 common frames omitted
Caused by: java.lang.NoClassDefFoundError: com/alibaba/druid/filter/logging/Log4j2Filter
	at java.lang.Class.getDeclaredMethods0(Native Method)
	at java.lang.Class.privateGetDeclaredMethods(Class.java:2701)
	at java.lang.Class.getDeclaredMethods(Class.java:1975)
	at org.springframework.util.ReflectionUtils.getDeclaredMethods(ReflectionUtils.java:489)
	... 21 common frames omitted
Caused by: java.lang.ClassNotFoundException: com.alibaba.druid.filter.logging.Log4j2Filter
	at java.net.URLClassLoader.findClass(URLClassLoader.java:381)
	at java.lang.ClassLoader.loadClass(ClassLoader.java:424)
	at sun.misc.Launcher$AppClassLoader.loadClass(Launcher.java:331)
	at java.lang.ClassLoader.loadClass(ClassLoader.java:357)
	... 25 common frames omitted
2020-04-27 15:37:00.023  INFO [main]  c.a.dubbo.common.logger.LoggerFactory    : using logger: com.alibaba.dubbo.common.logger.slf4j.Slf4jLoggerAdapter
2020-04-27 15:37:00.026  INFO [main]  a.b.d.c.e.WelcomeLogoApplicationListener : 

 :: Dubbo Spring Boot (v0.2.0) : https://github.com/apache/incubator-dubbo-spring-boot-project
 :: Dubbo (v2.6.6) : https://github.com/apache/incubator-dubbo
 :: Google group : dev@dubbo.incubator.apache.org

2020-04-27 15:37:00.028  INFO [main]  e.OverrideDubboConfigApplicationListener : Dubbo Config was overridden by externalized configuration {dubbo.application.id=${spring.application.name}, dubbo.application.name=${spring.application.name}, dubbo.consumer.check=false, dubbo.consumer.retries=0, dubbo.consumer.timeout=60000, dubbo.protocol.id=dubbo, dubbo.protocol.name=dubbo, dubbo.protocol.port=21811, dubbo.protocol.status=server, dubbo.protocol.threads=1000, dubbo.provider.retries=0, dubbo.provider.timeout=60000, dubbo.registry.address=zookeeper://127.0.0.1:2181, dubbo.scan.basePackages=com.nc.mrbs.rpc.service.impl}
2020-04-27 15:37:00.082  INFO [main]  c.nc.mrbs.rpc.MrbsRpcServiceApplication  : Starting MrbsRpcServiceApplication on MICRO-002251042 with PID 13872 (D:\tq\nc-sw\nc-sw-rpc-service\target\classes started by Administrator in D:\tq\nc-sw)
2020-04-27 15:37:00.082  INFO [main]  c.nc.mrbs.rpc.MrbsRpcServiceApplication  : The following profiles are active: dev
2020-04-27 15:37:00.545  INFO [main]  .s.d.r.c.RepositoryConfigurationDelegate : Multiple Spring Data modules found, entering strict repository configuration mode!
2020-04-27 15:37:00.547  INFO [main]  .s.d.r.c.RepositoryConfigurationDelegate : Bootstrapping Spring Data repositories in DEFAULT mode.
2020-04-27 15:37:00.570  INFO [main]  .s.d.r.c.RepositoryConfigurationDelegate : Finished Spring Data repository scanning in 14ms. Found 0 repository interfaces.
2020-04-27 15:37:00.625  INFO [main]  .a.d.c.s.c.a.DubboConfigBindingRegistrar : The dubbo config bean definition [name : nc-mrbs-rpc-service, class : com.alibaba.dubbo.config.ApplicationConfig] has been registered.
2020-04-27 15:37:00.625  INFO [main]  .a.d.c.s.c.a.DubboConfigBindingRegistrar : The BeanPostProcessor bean definition [com.alibaba.dubbo.config.spring.beans.factory.annotation.DubboConfigBindingBeanPostProcessor] for dubbo config bean [name : nc-mrbs-rpc-service] has been registered.
2020-04-27 15:37:00.626  INFO [main]  .a.d.c.s.c.a.DubboConfigBindingRegistrar : The dubbo config bean definition [name : com.alibaba.dubbo.config.RegistryConfig#0, class : com.alibaba.dubbo.config.RegistryConfig] has been registered.
2020-04-27 15:37:00.626  INFO [main]  .a.d.c.s.c.a.DubboConfigBindingRegistrar : The BeanPostProcessor bean definition [com.alibaba.dubbo.config.spring.beans.factory.annotation.DubboConfigBindingBeanPostProcessor] for dubbo config bean [name : com.alibaba.dubbo.config.RegistryConfig#0] has been registered.
2020-04-27 15:37:00.626  INFO [main]  .a.d.c.s.c.a.DubboConfigBindingRegistrar : The dubbo config bean definition [name : dubbo, class : com.alibaba.dubbo.config.ProtocolConfig] has been registered.
2020-04-27 15:37:00.626  INFO [main]  .a.d.c.s.c.a.DubboConfigBindingRegistrar : The BeanPostProcessor bean definition [com.alibaba.dubbo.config.spring.beans.factory.annotation.DubboConfigBindingBeanPostProcessor] for dubbo config bean [name : dubbo] has been registered.
2020-04-27 15:37:00.626  INFO [main]  .a.d.c.s.c.a.DubboConfigBindingRegistrar : The dubbo config bean definition [name : com.alibaba.dubbo.config.ProviderConfig#0, class : com.alibaba.dubbo.config.ProviderConfig] has been registered.
2020-04-27 15:37:00.626  INFO [main]  .a.d.c.s.c.a.DubboConfigBindingRegistrar : The BeanPostProcessor bean definition [com.alibaba.dubbo.config.spring.beans.factory.annotation.DubboConfigBindingBeanPostProcessor] for dubbo config bean [name : com.alibaba.dubbo.config.ProviderConfig#0] has been registered.
2020-04-27 15:37:00.627  INFO [main]  .a.d.c.s.c.a.DubboConfigBindingRegistrar : The dubbo config bean definition [name : com.alibaba.dubbo.config.ConsumerConfig#0, class : com.alibaba.dubbo.config.ConsumerConfig] has been registered.
2020-04-27 15:37:00.627  INFO [main]  .a.d.c.s.c.a.DubboConfigBindingRegistrar : The BeanPostProcessor bean definition [com.alibaba.dubbo.config.spring.beans.factory.annotation.DubboConfigBindingBeanPostProcessor] for dubbo config bean [name : com.alibaba.dubbo.config.ConsumerConfig#0] has been registered.
2020-04-27 15:37:00.638  INFO [main]  b.f.a.ServiceAnnotationBeanPostProcessor :  [DUBBO] BeanNameGenerator bean can't be found in BeanFactory with name [org.springframework.context.annotation.internalConfigurationBeanNameGenerator], dubbo version: 2.6.6, current host: 10.0.100.123
2020-04-27 15:37:00.638  INFO [main]  b.f.a.ServiceAnnotationBeanPostProcessor :  [DUBBO] BeanNameGenerator will be a instance of org.springframework.context.annotation.AnnotationBeanNameGenerator , it maybe a potential problem on bean name generation., dubbo version: 2.6.6, current host: 10.0.100.123
2020-04-27 15:37:00.641  WARN [main]  b.f.a.ServiceAnnotationBeanPostProcessor :  [DUBBO] No Spring Bean annotating Dubbo's @Service was found under package[com.nc.mrbs.rpc.service.impl], dubbo version: 2.6.6, current host: 10.0.100.123
2020-04-27 15:37:00.641  INFO [main]  o.s.c.a.ConfigurationClassPostProcessor  : Cannot enhance @Configuration bean definition 'com.alibaba.boot.dubbo.autoconfigure.DubboAutoConfiguration' since its singleton instance has been created too early. The typical cause is a non-static @Bean method with a BeanDefinitionRegistryPostProcessor return type: Consider declaring such methods as 'static'.
2020-04-27 15:37:00.796  INFO [main]  trationDelegate$BeanPostProcessorChecker : Bean 'org.springframework.transaction.annotation.ProxyTransactionManagementConfiguration' of type [org.springframework.transaction.annotation.ProxyTransactionManagementConfiguration$$EnhancerBySpringCGLIB$$fc12183a] is not eligible for getting processed by all BeanPostProcessors (for example: not eligible for auto-proxying)
2020-04-27 15:37:00.833  INFO [main]  trationDelegate$BeanPostProcessorChecker : Bean 'relaxedDubboConfigBinder' of type [com.alibaba.boot.dubbo.autoconfigure.RelaxedDubboConfigBinder] is not eligible for getting processed by all BeanPostProcessors (for example: not eligible for auto-proxying)
2020-04-27 15:37:00.837  INFO [main]  trationDelegate$BeanPostProcessorChecker : Bean 'relaxedDubboConfigBinder' of type [com.alibaba.boot.dubbo.autoconfigure.RelaxedDubboConfigBinder] is not eligible for getting processed by all BeanPostProcessors (for example: not eligible for auto-proxying)
2020-04-27 15:37:00.838  INFO [main]  trationDelegate$BeanPostProcessorChecker : Bean 'relaxedDubboConfigBinder' of type [com.alibaba.boot.dubbo.autoconfigure.RelaxedDubboConfigBinder] is not eligible for getting processed by all BeanPostProcessors (for example: not eligible for auto-proxying)
2020-04-27 15:37:00.839  INFO [main]  trationDelegate$BeanPostProcessorChecker : Bean 'relaxedDubboConfigBinder' of type [com.alibaba.boot.dubbo.autoconfigure.RelaxedDubboConfigBinder] is not eligible for getting processed by all BeanPostProcessors (for example: not eligible for auto-proxying)
2020-04-27 15:37:00.840  INFO [main]  trationDelegate$BeanPostProcessorChecker : Bean 'relaxedDubboConfigBinder' of type [com.alibaba.boot.dubbo.autoconfigure.RelaxedDubboConfigBinder] is not eligible for getting processed by all BeanPostProcessors (for example: not eligible for auto-proxying)
2020-04-27 15:37:01.057  INFO [main]  o.s.b.w.embedded.tomcat.TomcatWebServer  : Tomcat initialized with port(s): 3100 (http)
2020-04-27 15:37:01.075  INFO [main]  o.apache.catalina.core.StandardService   : Starting service [Tomcat]
2020-04-27 15:37:01.075  INFO [main]  org.apache.catalina.core.StandardEngine  : Starting Servlet engine: [Apache Tomcat/9.0.22]
2020-04-27 15:37:01.159  INFO [main]  o.a.c.c.C.[Tomcat].[localhost].[/]       : Initializing Spring embedded WebApplicationContext
2020-04-27 15:37:01.159  INFO [main]  o.s.web.context.ContextLoader            : Root WebApplicationContext: initialization completed in 1047 ms
2020-04-27 15:37:01.348  INFO [main]  c.a.d.s.b.a.DruidDataSourceAutoConfigure : Init DruidDataSource
2020-04-27 15:37:01.565  INFO [main]  com.alibaba.druid.pool.DruidDataSource   : {dataSource-1} inited
2020-04-27 15:37:02.104  INFO [main]  o.s.s.concurrent.ThreadPoolTaskExecutor  : Initializing ExecutorService 'applicationTaskExecutor'
2020-04-27 15:37:02.209  WARN [main]  ConfigServletWebServerApplicationContext : Exception encountered during context initialization - cancelling refresh attempt: org.springframework.beans.factory.BeanCreationException: Error creating bean with name 'com.alibaba.druid.spring.boot.autoconfigure.stat.DruidFilterConfiguration': Lookup method resolution failed; nested exception is java.lang.IllegalStateException: Failed to introspect Class [com.alibaba.druid.spring.boot.autoconfigure.stat.DruidFilterConfiguration] from ClassLoader [sun.misc.Launcher$AppClassLoader@18b4aac2]
2020-04-27 15:37:02.209  INFO [main]  o.s.s.concurrent.ThreadPoolTaskExecutor  : Shutting down ExecutorService 'applicationTaskExecutor'
2020-04-27 15:37:02.211  INFO [main]  com.alibaba.druid.pool.DruidDataSource   : {dataSource-1} closed
2020-04-27 15:37:02.211  INFO [main]  f.a.ReferenceAnnotationBeanPostProcessor : class com.alibaba.dubbo.config.spring.beans.factory.annotation.ReferenceAnnotationBeanPostProcessor was destroying!
2020-04-27 15:37:02.213  INFO [main]  o.apache.catalina.core.StandardService   : Stopping service [Tomcat]
2020-04-27 15:37:02.219  INFO [main]  ConditionEvaluationReportLoggingListener : 

Error starting ApplicationContext. To display the conditions report re-run your application with 'debug' enabled.
2020-04-27 15:37:02.227 ERROR [main]  o.s.boot.SpringApplication               : Application run failed
org.springframework.beans.factory.BeanCreationException: Error creating bean with name 'com.alibaba.druid.spring.boot.autoconfigure.stat.DruidFilterConfiguration': Lookup method resolution failed; nested exception is java.lang.IllegalStateException: Failed to introspect Class [com.alibaba.druid.spring.boot.autoconfigure.stat.DruidFilterConfiguration] from ClassLoader [sun.misc.Launcher$AppClassLoader@18b4aac2]
	at org.springframework.beans.factory.annotation.AutowiredAnnotationBeanPostProcessor.determineCandidateConstructors(AutowiredAnnotationBeanPostProcessor.java:265)
	at org.springframework.beans.factory.support.AbstractAutowireCapableBeanFactory.determineConstructorsFromBeanPostProcessors(AbstractAutowireCapableBeanFactory.java:1269)
	at org.springframework.beans.factory.support.AbstractAutowireCapableBeanFactory.createBeanInstance(AbstractAutowireCapableBeanFactory.java:1184)
	at org.springframework.beans.factory.support.AbstractAutowireCapableBeanFactory.doCreateBean(AbstractAutowireCapableBeanFactory.java:555)
	at org.springframework.beans.factory.support.AbstractAutowireCapableBeanFactory.createBean(AbstractAutowireCapableBeanFactory.java:515)
	at org.springframework.beans.factory.support.AbstractBeanFactory.lambda$doGetBean$0(AbstractBeanFactory.java:320)
	at org.springframework.beans.factory.support.DefaultSingletonBeanRegistry.getSingleton(DefaultSingletonBeanRegistry.java:222)
	at org.springframework.beans.factory.support.AbstractBeanFactory.doGetBean(AbstractBeanFactory.java:318)
	at org.springframework.beans.factory.support.AbstractBeanFactory.getBean(AbstractBeanFactory.java:199)
	at org.springframework.beans.factory.support.DefaultListableBeanFactory.preInstantiateSingletons(DefaultListableBeanFactory.java:845)
	at org.springframework.context.support.AbstractApplicationContext.finishBeanFactoryInitialization(AbstractApplicationContext.java:877)
	at org.springframework.context.support.AbstractApplicationContext.refresh(AbstractApplicationContext.java:549)
	at org.springframework.boot.web.servlet.context.ServletWebServerApplicationContext.refresh(ServletWebServerApplicationContext.java:141)
	at org.springframework.boot.SpringApplication.refresh(SpringApplication.java:743)
	at org.springframework.boot.SpringApplication.refreshContext(SpringApplication.java:390)
	at org.springframework.boot.SpringApplication.run(SpringApplication.java:312)
	at org.springframework.boot.SpringApplication.run(SpringApplication.java:1214)
	at org.springframework.boot.SpringApplication.run(SpringApplication.java:1203)
	at com.nc.mrbs.rpc.MrbsRpcServiceApplication.main(MrbsRpcServiceApplication.java:17)
Caused by: java.lang.IllegalStateException: Failed to introspect Class [com.alibaba.druid.spring.boot.autoconfigure.stat.DruidFilterConfiguration] from ClassLoader [sun.misc.Launcher$AppClassLoader@18b4aac2]
	at org.springframework.util.ReflectionUtils.getDeclaredMethods(ReflectionUtils.java:507)
	at org.springframework.util.ReflectionUtils.doWithMethods(ReflectionUtils.java:404)
	at org.springframework.util.ReflectionUtils.doWithMethods(ReflectionUtils.java:389)
	at org.springframework.beans.factory.annotation.AutowiredAnnotationBeanPostProcessor.determineCandidateConstructors(AutowiredAnnotationBeanPostProcessor.java:248)
	... 18 common frames omitted
Caused by: java.lang.NoClassDefFoundError: com/alibaba/druid/filter/logging/Log4j2Filter
	at java.lang.Class.getDeclaredMethods0(Native Method)
	at java.lang.Class.privateGetDeclaredMethods(Class.java:2701)
	at java.lang.Class.getDeclaredMethods(Class.java:1975)
	at org.springframework.util.ReflectionUtils.getDeclaredMethods(ReflectionUtils.java:489)
	... 21 common frames omitted
Caused by: java.lang.ClassNotFoundException: com.alibaba.druid.filter.logging.Log4j2Filter
	at java.net.URLClassLoader.findClass(URLClassLoader.java:381)
	at java.lang.ClassLoader.loadClass(ClassLoader.java:424)
	at sun.misc.Launcher$AppClassLoader.loadClass(Launcher.java:331)
	at java.lang.ClassLoader.loadClass(ClassLoader.java:357)
	... 25 common frames omitted
